<?xml version="1.0" encoding="UTF-8"?>
<testsuite xmlns:xsi="http://www.w3.org/2001/XMLSchema-instance" xsi:noNamespaceSchemaLocation="https://maven.apache.org/surefire/maven-surefire-plugin/xsd/surefire-test-report.xsd" name="com.whackon.witmed.AppTest" time="0.037" tests="1" errors="0" skipped="0" failures="0">
  <properties>
    <property name="sun.desktop" value="windows"/>
    <property name="awt.toolkit" value="sun.awt.windows.WToolkit"/>
    <property name="file.encoding.pkg" value="sun.io"/>
    <property name="java.specification.version" value="1.8"/>
    <property name="sun.cpu.isalist" value="amd64"/>
    <property name="sun.jnu.encoding" value="GBK"/>
    <property name="java.class.path" value="D:\idea\diploma project\SEC14_WitmedProjectRepo\WitmedProject\witmed-system-provider\target\test-classes;D:\idea\diploma project\SEC14_WitmedProjectRepo\WitmedProject\witmed-system-provider\target\classes;D:\idea\apache-maven-3.8.3-bin\com\whackon\witmed\witmed-data-commons\1.0.0\witmed-data-commons-1.0.0.jar;D:\idea\apache-maven-3.8.3-bin\com\whackon\witmed\witmed-commons\1.0.0\witmed-commons-1.0.0.jar;D:\idea\apache-maven-3.8.3-bin\org\springframework\cloud\spring-cloud-starter-netflix-eureka-client\3.1.0\spring-cloud-starter-netflix-eureka-client-3.1.0.jar;D:\idea\apache-maven-3.8.3-bin\org\springframework\cloud\spring-cloud-starter\3.1.0\spring-cloud-starter-3.1.0.jar;D:\idea\apache-maven-3.8.3-bin\org\springframework\cloud\spring-cloud-context\3.1.0\spring-cloud-context-3.1.0.jar;D:\idea\apache-maven-3.8.3-bin\org\springframework\security\spring-security-rsa\1.0.10.RELEASE\spring-security-rsa-1.0.10.RELEASE.jar;D:\idea\apache-maven-3.8.3-bin\org\bouncycastle\bcpkix-jdk15on\1.68\bcpkix-jdk15on-1.68.jar;D:\idea\apache-maven-3.8.3-bin\org\bouncycastle\bcprov-jdk15on\1.68\bcprov-jdk15on-1.68.jar;D:\idea\apache-maven-3.8.3-bin\org\springframework\cloud\spring-cloud-netflix-eureka-client\3.1.0\spring-cloud-netflix-eureka-client-3.1.0.jar;D:\idea\apache-maven-3.8.3-bin\com\netflix\eureka\eureka-client\1.10.17\eureka-client-1.10.17.jar;D:\idea\apache-maven-3.8.3-bin\com\netflix\netflix-commons\netflix-eventbus\0.3.0\netflix-eventbus-0.3.0.jar;D:\idea\apache-maven-3.8.3-bin\com\netflix\netflix-commons\netflix-infix\0.3.0\netflix-infix-0.3.0.jar;D:\idea\apache-maven-3.8.3-bin\commons-jxpath\commons-jxpath\1.3\commons-jxpath-1.3.jar;D:\idea\apache-maven-3.8.3-bin\joda-time\joda-time\2.3\joda-time-2.3.jar;D:\idea\apache-maven-3.8.3-bin\org\antlr\antlr-runtime\3.4\antlr-runtime-3.4.jar;D:\idea\apache-maven-3.8.3-bin\org\antlr\stringtemplate\3.2.1\stringtemplate-3.2.1.jar;D:\idea\apache-maven-3.8.3-bin\antlr\antlr\2.7.7\antlr-2.7.7.jar;D:\idea\apache-maven-3.8.3-bin\com\google\code\gson\gson\2.8.9\gson-2.8.9.jar;D:\idea\apache-maven-3.8.3-bin\org\apache\commons\commons-math\2.2\commons-math-2.2.jar;D:\idea\apache-maven-3.8.3-bin\com\thoughtworks\xstream\xstream\1.4.18\xstream-1.4.18.jar;D:\idea\apache-maven-3.8.3-bin\io\github\x-stream\mxparser\1.2.2\mxparser-1.2.2.jar;D:\idea\apache-maven-3.8.3-bin\xmlpull\xmlpull\1.1.3.1\xmlpull-1.1.3.1.jar;D:\idea\apache-maven-3.8.3-bin\javax\ws\rs\jsr311-api\1.1.1\jsr311-api-1.1.1.jar;D:\idea\apache-maven-3.8.3-bin\com\netflix\servo\servo-core\0.12.21\servo-core-0.12.21.jar;D:\idea\apache-maven-3.8.3-bin\com\google\guava\guava\19.0\guava-19.0.jar;D:\idea\apache-maven-3.8.3-bin\org\apache\httpcomponents\httpclient\4.5.13\httpclient-4.5.13.jar;D:\idea\apache-maven-3.8.3-bin\org\apache\httpcomponents\httpcore\4.4.15\httpcore-4.4.15.jar;D:\idea\apache-maven-3.8.3-bin\commons-codec\commons-codec\1.15\commons-codec-1.15.jar;D:\idea\apache-maven-3.8.3-bin\commons-configuration\commons-configuration\1.10\commons-configuration-1.10.jar;D:\idea\apache-maven-3.8.3-bin\commons-lang\commons-lang\2.6\commons-lang-2.6.jar;D:\idea\apache-maven-3.8.3-bin\com\google\inject\guice\4.1.0\guice-4.1.0.jar;D:\idea\apache-maven-3.8.3-bin\javax\inject\javax.inject\1\javax.inject-1.jar;D:\idea\apache-maven-3.8.3-bin\org\codehaus\jettison\jettison\1.4.0\jettison-1.4.0.jar;D:\idea\apache-maven-3.8.3-bin\com\netflix\eureka\eureka-core\1.10.17\eureka-core-1.10.17.jar;D:\idea\apache-maven-3.8.3-bin\com\fasterxml\woodstox\woodstox-core\6.2.1\woodstox-core-6.2.1.jar;D:\idea\apache-maven-3.8.3-bin\org\codehaus\woodstox\stax2-api\4.2.1\stax2-api-4.2.1.jar;D:\idea\apache-maven-3.8.3-bin\org\springframework\cloud\spring-cloud-starter-loadbalancer\3.1.0\spring-cloud-starter-loadbalancer-3.1.0.jar;D:\idea\apache-maven-3.8.3-bin\org\springframework\cloud\spring-cloud-loadbalancer\3.1.0\spring-cloud-loadbalancer-3.1.0.jar;D:\idea\apache-maven-3.8.3-bin\io\projectreactor\reactor-core\3.4.13\reactor-core-3.4.13.jar;D:\idea\apache-maven-3.8.3-bin\org\reactivestreams\reactive-streams\1.0.3\reactive-streams-1.0.3.jar;D:\idea\apache-maven-3.8.3-bin\io\projectreactor\addons\reactor-extra\3.4.6\reactor-extra-3.4.6.jar;D:\idea\apache-maven-3.8.3-bin\org\springframework\boot\spring-boot-starter-cache\2.6.2\spring-boot-starter-cache-2.6.2.jar;D:\idea\apache-maven-3.8.3-bin\org\springframework\spring-context-support\5.3.14\spring-context-support-5.3.14.jar;D:\idea\apache-maven-3.8.3-bin\com\stoyanr\evictor\1.0.0\evictor-1.0.0.jar;D:\idea\apache-maven-3.8.3-bin\org\springframework\cloud\spring-cloud-starter-openfeign\3.1.0\spring-cloud-starter-openfeign-3.1.0.jar;D:\idea\apache-maven-3.8.3-bin\org\springframework\cloud\spring-cloud-openfeign-core\3.1.0\spring-cloud-openfeign-core-3.1.0.jar;D:\idea\apache-maven-3.8.3-bin\org\springframework\boot\spring-boot-starter-aop\2.6.2\spring-boot-starter-aop-2.6.2.jar;D:\idea\apache-maven-3.8.3-bin\org\aspectj\aspectjweaver\1.9.7\aspectjweaver-1.9.7.jar;D:\idea\apache-maven-3.8.3-bin\io\github\openfeign\form\feign-form-spring\3.8.0\feign-form-spring-3.8.0.jar;D:\idea\apache-maven-3.8.3-bin\io\github\openfeign\form\feign-form\3.8.0\feign-form-3.8.0.jar;D:\idea\apache-maven-3.8.3-bin\commons-fileupload\commons-fileupload\1.4\commons-fileupload-1.4.jar;D:\idea\apache-maven-3.8.3-bin\commons-io\commons-io\2.2\commons-io-2.2.jar;D:\idea\apache-maven-3.8.3-bin\org\springframework\cloud\spring-cloud-commons\3.1.0\spring-cloud-commons-3.1.0.jar;D:\idea\apache-maven-3.8.3-bin\org\springframework\security\spring-security-crypto\5.6.1\spring-security-crypto-5.6.1.jar;D:\idea\apache-maven-3.8.3-bin\io\github\openfeign\feign-core\11.7\feign-core-11.7.jar;D:\idea\apache-maven-3.8.3-bin\io\github\openfeign\feign-slf4j\11.7\feign-slf4j-11.7.jar;D:\idea\apache-maven-3.8.3-bin\cn\hutool\hutool-all\5.7.18\hutool-all-5.7.18.jar;D:\idea\apache-maven-3.8.3-bin\org\projectlombok\lombok\1.18.22\lombok-1.18.22.jar;D:\idea\apache-maven-3.8.3-bin\mysql\mysql-connector-java\8.0.27\mysql-connector-java-8.0.27.jar;D:\idea\apache-maven-3.8.3-bin\org\mybatis\spring\boot\mybatis-spring-boot-starter\2.2.0\mybatis-spring-boot-starter-2.2.0.jar;D:\idea\apache-maven-3.8.3-bin\org\springframework\boot\spring-boot-starter-jdbc\2.6.2\spring-boot-starter-jdbc-2.6.2.jar;D:\idea\apache-maven-3.8.3-bin\com\zaxxer\HikariCP\4.0.3\HikariCP-4.0.3.jar;D:\idea\apache-maven-3.8.3-bin\org\springframework\spring-jdbc\5.3.14\spring-jdbc-5.3.14.jar;D:\idea\apache-maven-3.8.3-bin\org\springframework\spring-tx\5.3.14\spring-tx-5.3.14.jar;D:\idea\apache-maven-3.8.3-bin\org\mybatis\spring\boot\mybatis-spring-boot-autoconfigure\2.2.0\mybatis-spring-boot-autoconfigure-2.2.0.jar;D:\idea\apache-maven-3.8.3-bin\org\mybatis\mybatis\3.5.7\mybatis-3.5.7.jar;D:\idea\apache-maven-3.8.3-bin\org\mybatis\mybatis-spring\2.0.6\mybatis-spring-2.0.6.jar;D:\idea\apache-maven-3.8.3-bin\com\baomidou\mybatis-plus-boot-starter\3.4.3.4\mybatis-plus-boot-starter-3.4.3.4.jar;D:\idea\apache-maven-3.8.3-bin\com\baomidou\mybatis-plus\3.4.3.4\mybatis-plus-3.4.3.4.jar;D:\idea\apache-maven-3.8.3-bin\com\baomidou\mybatis-plus-extension\3.4.3.4\mybatis-plus-extension-3.4.3.4.jar;D:\idea\apache-maven-3.8.3-bin\com\baomidou\mybatis-plus-core\3.4.3.4\mybatis-plus-core-3.4.3.4.jar;D:\idea\apache-maven-3.8.3-bin\com\baomidou\mybatis-plus-annotation\3.4.3.4\mybatis-plus-annotation-3.4.3.4.jar;D:\idea\apache-maven-3.8.3-bin\com\alibaba\druid-spring-boot-starter\1.2.8\druid-spring-boot-starter-1.2.8.jar;D:\idea\apache-maven-3.8.3-bin\com\alibaba\druid\1.2.8\druid-1.2.8.jar;D:\idea\apache-maven-3.8.3-bin\org\slf4j\slf4j-api\1.7.32\slf4j-api-1.7.32.jar;D:\idea\apache-maven-3.8.3-bin\com\github\pagehelper\pagehelper-spring-boot-starter\1.4.1\pagehelper-spring-boot-starter-1.4.1.jar;D:\idea\apache-maven-3.8.3-bin\com\github\pagehelper\pagehelper-spring-boot-autoconfigure\1.4.1\pagehelper-spring-boot-autoconfigure-1.4.1.jar;D:\idea\apache-maven-3.8.3-bin\com\github\pagehelper\pagehelper\5.3.0\pagehelper-5.3.0.jar;D:\idea\apache-maven-3.8.3-bin\com\github\jsqlparser\jsqlparser\4.2\jsqlparser-4.2.jar;D:\idea\apache-maven-3.8.3-bin\org\mapstruct\mapstruct\1.4.2.Final\mapstruct-1.4.2.Final.jar;D:\idea\apache-maven-3.8.3-bin\org\mapstruct\mapstruct-processor\1.4.2.Final\mapstruct-processor-1.4.2.Final.jar;D:\idea\apache-maven-3.8.3-bin\org\springframework\boot\spring-boot-starter-web\2.6.2\spring-boot-starter-web-2.6.2.jar;D:\idea\apache-maven-3.8.3-bin\org\springframework\boot\spring-boot-starter\2.6.2\spring-boot-starter-2.6.2.jar;D:\idea\apache-maven-3.8.3-bin\org\springframework\boot\spring-boot-starter-logging\2.6.2\spring-boot-starter-logging-2.6.2.jar;D:\idea\apache-maven-3.8.3-bin\ch\qos\logback\logback-classic\1.2.9\logback-classic-1.2.9.jar;D:\idea\apache-maven-3.8.3-bin\ch\qos\logback\logback-core\1.2.9\logback-core-1.2.9.jar;D:\idea\apache-maven-3.8.3-bin\org\apache\logging\log4j\log4j-to-slf4j\2.17.0\log4j-to-slf4j-2.17.0.jar;D:\idea\apache-maven-3.8.3-bin\org\apache\logging\log4j\log4j-api\2.17.0\log4j-api-2.17.0.jar;D:\idea\apache-maven-3.8.3-bin\org\slf4j\jul-to-slf4j\1.7.32\jul-to-slf4j-1.7.32.jar;D:\idea\apache-maven-3.8.3-bin\jakarta\annotation\jakarta.annotation-api\1.3.5\jakarta.annotation-api-1.3.5.jar;D:\idea\apache-maven-3.8.3-bin\org\springframework\spring-core\5.3.14\spring-core-5.3.14.jar;D:\idea\apache-maven-3.8.3-bin\org\springframework\spring-jcl\5.3.14\spring-jcl-5.3.14.jar;D:\idea\apache-maven-3.8.3-bin\org\yaml\snakeyaml\1.29\snakeyaml-1.29.jar;D:\idea\apache-maven-3.8.3-bin\org\springframework\boot\spring-boot-starter-json\2.6.2\spring-boot-starter-json-2.6.2.jar;D:\idea\apache-maven-3.8.3-bin\com\fasterxml\jackson\core\jackson-databind\2.13.1\jackson-databind-2.13.1.jar;D:\idea\apache-maven-3.8.3-bin\com\fasterxml\jackson\core\jackson-annotations\2.13.1\jackson-annotations-2.13.1.jar;D:\idea\apache-maven-3.8.3-bin\com\fasterxml\jackson\core\jackson-core\2.13.1\jackson-core-2.13.1.jar;D:\idea\apache-maven-3.8.3-bin\com\fasterxml\jackson\datatype\jackson-datatype-jdk8\2.13.1\jackson-datatype-jdk8-2.13.1.jar;D:\idea\apache-maven-3.8.3-bin\com\fasterxml\jackson\datatype\jackson-datatype-jsr310\2.13.1\jackson-datatype-jsr310-2.13.1.jar;D:\idea\apache-maven-3.8.3-bin\com\fasterxml\jackson\module\jackson-module-parameter-names\2.13.1\jackson-module-parameter-names-2.13.1.jar;D:\idea\apache-maven-3.8.3-bin\org\springframework\boot\spring-boot-starter-tomcat\2.6.2\spring-boot-starter-tomcat-2.6.2.jar;D:\idea\apache-maven-3.8.3-bin\org\apache\tomcat\embed\tomcat-embed-core\9.0.56\tomcat-embed-core-9.0.56.jar;D:\idea\apache-maven-3.8.3-bin\org\apache\tomcat\embed\tomcat-embed-el\9.0.56\tomcat-embed-el-9.0.56.jar;D:\idea\apache-maven-3.8.3-bin\org\apache\tomcat\embed\tomcat-embed-websocket\9.0.56\tomcat-embed-websocket-9.0.56.jar;D:\idea\apache-maven-3.8.3-bin\org\springframework\spring-web\5.3.14\spring-web-5.3.14.jar;D:\idea\apache-maven-3.8.3-bin\org\springframework\spring-beans\5.3.14\spring-beans-5.3.14.jar;D:\idea\apache-maven-3.8.3-bin\org\springframework\spring-webmvc\5.3.14\spring-webmvc-5.3.14.jar;D:\idea\apache-maven-3.8.3-bin\org\springframework\spring-aop\5.3.14\spring-aop-5.3.14.jar;D:\idea\apache-maven-3.8.3-bin\org\springframework\spring-context\5.3.14\spring-context-5.3.14.jar;D:\idea\apache-maven-3.8.3-bin\org\springframework\spring-expression\5.3.14\spring-expression-5.3.14.jar;D:\idea\apache-maven-3.8.3-bin\org\springframework\boot\spring-boot-devtools\2.6.2\spring-boot-devtools-2.6.2.jar;D:\idea\apache-maven-3.8.3-bin\org\springframework\boot\spring-boot\2.6.2\spring-boot-2.6.2.jar;D:\idea\apache-maven-3.8.3-bin\org\springframework\boot\spring-boot-autoconfigure\2.6.2\spring-boot-autoconfigure-2.6.2.jar;D:\idea\apache-maven-3.8.3-bin\junit\junit\4.13.2\junit-4.13.2.jar;D:\idea\apache-maven-3.8.3-bin\org\hamcrest\hamcrest-core\2.2\hamcrest-core-2.2.jar;D:\idea\apache-maven-3.8.3-bin\org\hamcrest\hamcrest\2.2\hamcrest-2.2.jar;"/>
    <property name="java.vm.vendor" value="Oracle Corporation"/>
    <property name="sun.arch.data.model" value="64"/>
    <property name="user.variant" value=""/>
    <property name="java.vendor.url" value="http://java.oracle.com/"/>
    <property name="user.timezone" value="Asia/Shanghai"/>
    <property name="java.vm.specification.version" value="1.8"/>
    <property name="os.name" value="Windows 10"/>
    <property name="user.country" value="CN"/>
    <property name="sun.java.launcher" value="SUN_STANDARD"/>
    <property name="sun.boot.library.path" value="C:\Program Files\Java\jdk1.8.0_144\jre\bin"/>
    <property name="sun.java.command" value="C:\Users\Lenovo\AppData\Local\Temp\surefire7445230339603904098\surefirebooter2262755751078085830.jar C:\Users\Lenovo\AppData\Local\Temp\surefire7445230339603904098 2022-01-04T21-45-13_066-jvmRun1 surefire6932844243992096873tmp surefire_05801300893669790209tmp"/>
    <property name="surefire.test.class.path" value="D:\idea\diploma project\SEC14_WitmedProjectRepo\WitmedProject\witmed-system-provider\target\test-classes;D:\idea\diploma project\SEC14_WitmedProjectRepo\WitmedProject\witmed-system-provider\target\classes;D:\idea\apache-maven-3.8.3-bin\com\whackon\witmed\witmed-data-commons\1.0.0\witmed-data-commons-1.0.0.jar;D:\idea\apache-maven-3.8.3-bin\com\whackon\witmed\witmed-commons\1.0.0\witmed-commons-1.0.0.jar;D:\idea\apache-maven-3.8.3-bin\org\springframework\cloud\spring-cloud-starter-netflix-eureka-client\3.1.0\spring-cloud-starter-netflix-eureka-client-3.1.0.jar;D:\idea\apache-maven-3.8.3-bin\org\springframework\cloud\spring-cloud-starter\3.1.0\spring-cloud-starter-3.1.0.jar;D:\idea\apache-maven-3.8.3-bin\org\springframework\cloud\spring-cloud-context\3.1.0\spring-cloud-context-3.1.0.jar;D:\idea\apache-maven-3.8.3-bin\org\springframework\security\spring-security-rsa\1.0.10.RELEASE\spring-security-rsa-1.0.10.RELEASE.jar;D:\idea\apache-maven-3.8.3-bin\org\bouncycastle\bcpkix-jdk15on\1.68\bcpkix-jdk15on-1.68.jar;D:\idea\apache-maven-3.8.3-bin\org\bouncycastle\bcprov-jdk15on\1.68\bcprov-jdk15on-1.68.jar;D:\idea\apache-maven-3.8.3-bin\org\springframework\cloud\spring-cloud-netflix-eureka-client\3.1.0\spring-cloud-netflix-eureka-client-3.1.0.jar;D:\idea\apache-maven-3.8.3-bin\com\netflix\eureka\eureka-client\1.10.17\eureka-client-1.10.17.jar;D:\idea\apache-maven-3.8.3-bin\com\netflix\netflix-commons\netflix-eventbus\0.3.0\netflix-eventbus-0.3.0.jar;D:\idea\apache-maven-3.8.3-bin\com\netflix\netflix-commons\netflix-infix\0.3.0\netflix-infix-0.3.0.jar;D:\idea\apache-maven-3.8.3-bin\commons-jxpath\commons-jxpath\1.3\commons-jxpath-1.3.jar;D:\idea\apache-maven-3.8.3-bin\joda-time\joda-time\2.3\joda-time-2.3.jar;D:\idea\apache-maven-3.8.3-bin\org\antlr\antlr-runtime\3.4\antlr-runtime-3.4.jar;D:\idea\apache-maven-3.8.3-bin\org\antlr\stringtemplate\3.2.1\stringtemplate-3.2.1.jar;D:\idea\apache-maven-3.8.3-bin\antlr\antlr\2.7.7\antlr-2.7.7.jar;D:\idea\apache-maven-3.8.3-bin\com\google\code\gson\gson\2.8.9\gson-2.8.9.jar;D:\idea\apache-maven-3.8.3-bin\org\apache\commons\commons-math\2.2\commons-math-2.2.jar;D:\idea\apache-maven-3.8.3-bin\com\thoughtworks\xstream\xstream\1.4.18\xstream-1.4.18.jar;D:\idea\apache-maven-3.8.3-bin\io\github\x-stream\mxparser\1.2.2\mxparser-1.2.2.jar;D:\idea\apache-maven-3.8.3-bin\xmlpull\xmlpull\1.1.3.1\xmlpull-1.1.3.1.jar;D:\idea\apache-maven-3.8.3-bin\javax\ws\rs\jsr311-api\1.1.1\jsr311-api-1.1.1.jar;D:\idea\apache-maven-3.8.3-bin\com\netflix\servo\servo-core\0.12.21\servo-core-0.12.21.jar;D:\idea\apache-maven-3.8.3-bin\com\google\guava\guava\19.0\guava-19.0.jar;D:\idea\apache-maven-3.8.3-bin\org\apache\httpcomponents\httpclient\4.5.13\httpclient-4.5.13.jar;D:\idea\apache-maven-3.8.3-bin\org\apache\httpcomponents\httpcore\4.4.15\httpcore-4.4.15.jar;D:\idea\apache-maven-3.8.3-bin\commons-codec\commons-codec\1.15\commons-codec-1.15.jar;D:\idea\apache-maven-3.8.3-bin\commons-configuration\commons-configuration\1.10\commons-configuration-1.10.jar;D:\idea\apache-maven-3.8.3-bin\commons-lang\commons-lang\2.6\commons-lang-2.6.jar;D:\idea\apache-maven-3.8.3-bin\com\google\inject\guice\4.1.0\guice-4.1.0.jar;D:\idea\apache-maven-3.8.3-bin\javax\inject\javax.inject\1\javax.inject-1.jar;D:\idea\apache-maven-3.8.3-bin\org\codehaus\jettison\jettison\1.4.0\jettison-1.4.0.jar;D:\idea\apache-maven-3.8.3-bin\com\netflix\eureka\eureka-core\1.10.17\eureka-core-1.10.17.jar;D:\idea\apache-maven-3.8.3-bin\com\fasterxml\woodstox\woodstox-core\6.2.1\woodstox-core-6.2.1.jar;D:\idea\apache-maven-3.8.3-bin\org\codehaus\woodstox\stax2-api\4.2.1\stax2-api-4.2.1.jar;D:\idea\apache-maven-3.8.3-bin\org\springframework\cloud\spring-cloud-starter-loadbalancer\3.1.0\spring-cloud-starter-loadbalancer-3.1.0.jar;D:\idea\apache-maven-3.8.3-bin\org\springframework\cloud\spring-cloud-loadbalancer\3.1.0\spring-cloud-loadbalancer-3.1.0.jar;D:\idea\apache-maven-3.8.3-bin\io\projectreactor\reactor-core\3.4.13\reactor-core-3.4.13.jar;D:\idea\apache-maven-3.8.3-bin\org\reactivestreams\reactive-streams\1.0.3\reactive-streams-1.0.3.jar;D:\idea\apache-maven-3.8.3-bin\io\projectreactor\addons\reactor-extra\3.4.6\reactor-extra-3.4.6.jar;D:\idea\apache-maven-3.8.3-bin\org\springframework\boot\spring-boot-starter-cache\2.6.2\spring-boot-starter-cache-2.6.2.jar;D:\idea\apache-maven-3.8.3-bin\org\springframework\spring-context-support\5.3.14\spring-context-support-5.3.14.jar;D:\idea\apache-maven-3.8.3-bin\com\stoyanr\evictor\1.0.0\evictor-1.0.0.jar;D:\idea\apache-maven-3.8.3-bin\org\springframework\cloud\spring-cloud-starter-openfeign\3.1.0\spring-cloud-starter-openfeign-3.1.0.jar;D:\idea\apache-maven-3.8.3-bin\org\springframework\cloud\spring-cloud-openfeign-core\3.1.0\spring-cloud-openfeign-core-3.1.0.jar;D:\idea\apache-maven-3.8.3-bin\org\springframework\boot\spring-boot-starter-aop\2.6.2\spring-boot-starter-aop-2.6.2.jar;D:\idea\apache-maven-3.8.3-bin\org\aspectj\aspectjweaver\1.9.7\aspectjweaver-1.9.7.jar;D:\idea\apache-maven-3.8.3-bin\io\github\openfeign\form\feign-form-spring\3.8.0\feign-form-spring-3.8.0.jar;D:\idea\apache-maven-3.8.3-bin\io\github\openfeign\form\feign-form\3.8.0\feign-form-3.8.0.jar;D:\idea\apache-maven-3.8.3-bin\commons-fileupload\commons-fileupload\1.4\commons-fileupload-1.4.jar;D:\idea\apache-maven-3.8.3-bin\commons-io\commons-io\2.2\commons-io-2.2.jar;D:\idea\apache-maven-3.8.3-bin\org\springframework\cloud\spring-cloud-commons\3.1.0\spring-cloud-commons-3.1.0.jar;D:\idea\apache-maven-3.8.3-bin\org\springframework\security\spring-security-crypto\5.6.1\spring-security-crypto-5.6.1.jar;D:\idea\apache-maven-3.8.3-bin\io\github\openfeign\feign-core\11.7\feign-core-11.7.jar;D:\idea\apache-maven-3.8.3-bin\io\github\openfeign\feign-slf4j\11.7\feign-slf4j-11.7.jar;D:\idea\apache-maven-3.8.3-bin\cn\hutool\hutool-all\5.7.18\hutool-all-5.7.18.jar;D:\idea\apache-maven-3.8.3-bin\org\projectlombok\lombok\1.18.22\lombok-1.18.22.jar;D:\idea\apache-maven-3.8.3-bin\mysql\mysql-connector-java\8.0.27\mysql-connector-java-8.0.27.jar;D:\idea\apache-maven-3.8.3-bin\org\mybatis\spring\boot\mybatis-spring-boot-starter\2.2.0\mybatis-spring-boot-starter-2.2.0.jar;D:\idea\apache-maven-3.8.3-bin\org\springframework\boot\spring-boot-starter-jdbc\2.6.2\spring-boot-starter-jdbc-2.6.2.jar;D:\idea\apache-maven-3.8.3-bin\com\zaxxer\HikariCP\4.0.3\HikariCP-4.0.3.jar;D:\idea\apache-maven-3.8.3-bin\org\springframework\spring-jdbc\5.3.14\spring-jdbc-5.3.14.jar;D:\idea\apache-maven-3.8.3-bin\org\springframework\spring-tx\5.3.14\spring-tx-5.3.14.jar;D:\idea\apache-maven-3.8.3-bin\org\mybatis\spring\boot\mybatis-spring-boot-autoconfigure\2.2.0\mybatis-spring-boot-autoconfigure-2.2.0.jar;D:\idea\apache-maven-3.8.3-bin\org\mybatis\mybatis\3.5.7\mybatis-3.5.7.jar;D:\idea\apache-maven-3.8.3-bin\org\mybatis\mybatis-spring\2.0.6\mybatis-spring-2.0.6.jar;D:\idea\apache-maven-3.8.3-bin\com\baomidou\mybatis-plus-boot-starter\3.4.3.4\mybatis-plus-boot-starter-3.4.3.4.jar;D:\idea\apache-maven-3.8.3-bin\com\baomidou\mybatis-plus\3.4.3.4\mybatis-plus-3.4.3.4.jar;D:\idea\apache-maven-3.8.3-bin\com\baomidou\mybatis-plus-extension\3.4.3.4\mybatis-plus-extension-3.4.3.4.jar;D:\idea\apache-maven-3.8.3-bin\com\baomidou\mybatis-plus-core\3.4.3.4\mybatis-plus-core-3.4.3.4.jar;D:\idea\apache-maven-3.8.3-bin\com\baomidou\mybatis-plus-annotation\3.4.3.4\mybatis-plus-annotation-3.4.3.4.jar;D:\idea\apache-maven-3.8.3-bin\com\alibaba\druid-spring-boot-starter\1.2.8\druid-spring-boot-starter-1.2.8.jar;D:\idea\apache-maven-3.8.3-bin\com\alibaba\druid\1.2.8\druid-1.2.8.jar;D:\idea\apache-maven-3.8.3-bin\org\slf4j\slf4j-api\1.7.32\slf4j-api-1.7.32.jar;D:\idea\apache-maven-3.8.3-bin\com\github\pagehelper\pagehelper-spring-boot-starter\1.4.1\pagehelper-spring-boot-starter-1.4.1.jar;D:\idea\apache-maven-3.8.3-bin\com\github\pagehelper\pagehelper-spring-boot-autoconfigure\1.4.1\pagehelper-spring-boot-autoconfigure-1.4.1.jar;D:\idea\apache-maven-3.8.3-bin\com\github\pagehelper\pagehelper\5.3.0\pagehelper-5.3.0.jar;D:\idea\apache-maven-3.8.3-bin\com\github\jsqlparser\jsqlparser\4.2\jsqlparser-4.2.jar;D:\idea\apache-maven-3.8.3-bin\org\mapstruct\mapstruct\1.4.2.Final\mapstruct-1.4.2.Final.jar;D:\idea\apache-maven-3.8.3-bin\org\mapstruct\mapstruct-processor\1.4.2.Final\mapstruct-processor-1.4.2.Final.jar;D:\idea\apache-maven-3.8.3-bin\org\springframework\boot\spring-boot-starter-web\2.6.2\spring-boot-starter-web-2.6.2.jar;D:\idea\apache-maven-3.8.3-bin\org\springframework\boot\spring-boot-starter\2.6.2\spring-boot-starter-2.6.2.jar;D:\idea\apache-maven-3.8.3-bin\org\springframework\boot\spring-boot-starter-logging\2.6.2\spring-boot-starter-logging-2.6.2.jar;D:\idea\apache-maven-3.8.3-bin\ch\qos\logback\logback-classic\1.2.9\logback-classic-1.2.9.jar;D:\idea\apache-maven-3.8.3-bin\ch\qos\logback\logback-core\1.2.9\logback-core-1.2.9.jar;D:\idea\apache-maven-3.8.3-bin\org\apache\logging\log4j\log4j-to-slf4j\2.17.0\log4j-to-slf4j-2.17.0.jar;D:\idea\apache-maven-3.8.3-bin\org\apache\logging\log4j\log4j-api\2.17.0\log4j-api-2.17.0.jar;D:\idea\apache-maven-3.8.3-bin\org\slf4j\jul-to-slf4j\1.7.32\jul-to-slf4j-1.7.32.jar;D:\idea\apache-maven-3.8.3-bin\jakarta\annotation\jakarta.annotation-api\1.3.5\jakarta.annotation-api-1.3.5.jar;D:\idea\apache-maven-3.8.3-bin\org\springframework\spring-core\5.3.14\spring-core-5.3.14.jar;D:\idea\apache-maven-3.8.3-bin\org\springframework\spring-jcl\5.3.14\spring-jcl-5.3.14.jar;D:\idea\apache-maven-3.8.3-bin\org\yaml\snakeyaml\1.29\snakeyaml-1.29.jar;D:\idea\apache-maven-3.8.3-bin\org\springframework\boot\spring-boot-starter-json\2.6.2\spring-boot-starter-json-2.6.2.jar;D:\idea\apache-maven-3.8.3-bin\com\fasterxml\jackson\core\jackson-databind\2.13.1\jackson-databind-2.13.1.jar;D:\idea\apache-maven-3.8.3-bin\com\fasterxml\jackson\core\jackson-annotations\2.13.1\jackson-annotations-2.13.1.jar;D:\idea\apache-maven-3.8.3-bin\com\fasterxml\jackson\core\jackson-core\2.13.1\jackson-core-2.13.1.jar;D:\idea\apache-maven-3.8.3-bin\com\fasterxml\jackson\datatype\jackson-datatype-jdk8\2.13.1\jackson-datatype-jdk8-2.13.1.jar;D:\idea\apache-maven-3.8.3-bin\com\fasterxml\jackson\datatype\jackson-datatype-jsr310\2.13.1\jackson-datatype-jsr310-2.13.1.jar;D:\idea\apache-maven-3.8.3-bin\com\fasterxml\jackson\module\jackson-module-parameter-names\2.13.1\jackson-module-parameter-names-2.13.1.jar;D:\idea\apache-maven-3.8.3-bin\org\springframework\boot\spring-boot-starter-tomcat\2.6.2\spring-boot-starter-tomcat-2.6.2.jar;D:\idea\apache-maven-3.8.3-bin\org\apache\tomcat\embed\tomcat-embed-core\9.0.56\tomcat-embed-core-9.0.56.jar;D:\idea\apache-maven-3.8.3-bin\org\apache\tomcat\embed\tomcat-embed-el\9.0.56\tomcat-embed-el-9.0.56.jar;D:\idea\apache-maven-3.8.3-bin\org\apache\tomcat\embed\tomcat-embed-websocket\9.0.56\tomcat-embed-websocket-9.0.56.jar;D:\idea\apache-maven-3.8.3-bin\org\springframework\spring-web\5.3.14\spring-web-5.3.14.jar;D:\idea\apache-maven-3.8.3-bin\org\springframework\spring-beans\5.3.14\spring-beans-5.3.14.jar;D:\idea\apache-maven-3.8.3-bin\org\springframework\spring-webmvc\5.3.14\spring-webmvc-5.3.14.jar;D:\idea\apache-maven-3.8.3-bin\org\springframework\spring-aop\5.3.14\spring-aop-5.3.14.jar;D:\idea\apache-maven-3.8.3-bin\org\springframework\spring-context\5.3.14\spring-context-5.3.14.jar;D:\idea\apache-maven-3.8.3-bin\org\springframework\spring-expression\5.3.14\spring-expression-5.3.14.jar;D:\idea\apache-maven-3.8.3-bin\org\springframework\boot\spring-boot-devtools\2.6.2\spring-boot-devtools-2.6.2.jar;D:\idea\apache-maven-3.8.3-bin\org\springframework\boot\spring-boot\2.6.2\spring-boot-2.6.2.jar;D:\idea\apache-maven-3.8.3-bin\org\springframework\boot\spring-boot-autoconfigure\2.6.2\spring-boot-autoconfigure-2.6.2.jar;D:\idea\apache-maven-3.8.3-bin\junit\junit\4.13.2\junit-4.13.2.jar;D:\idea\apache-maven-3.8.3-bin\org\hamcrest\hamcrest-core\2.2\hamcrest-core-2.2.jar;D:\idea\apache-maven-3.8.3-bin\org\hamcrest\hamcrest\2.2\hamcrest-2.2.jar;"/>
    <property name="sun.cpu.endian" value="little"/>
    <property name="user.home" value="C:\Users\Lenovo"/>
    <property name="user.language" value="zh"/>
    <property name="java.specification.vendor" value="Oracle Corporation"/>
    <property name="java.home" value="C:\Program Files\Java\jdk1.8.0_144\jre"/>
    <property name="basedir" value="D:\idea\diploma project\SEC14_WitmedProjectRepo\WitmedProject\witmed-system-provider"/>
    <property name="file.separator" value="\"/>
    <property name="line.separator" value="&#10;"/>
    <property name="java.vm.specification.vendor" value="Oracle Corporation"/>
    <property name="java.specification.name" value="Java Platform API Specification"/>
    <property name="java.awt.graphicsenv" value="sun.awt.Win32GraphicsEnvironment"/>
    <property name="surefire.real.class.path" value="C:\Users\Lenovo\AppData\Local\Temp\surefire7445230339603904098\surefirebooter2262755751078085830.jar"/>
    <property name="sun.boot.class.path" value="C:\Program Files\Java\jdk1.8.0_144\jre\lib\resources.jar;C:\Program Files\Java\jdk1.8.0_144\jre\lib\rt.jar;C:\Program Files\Java\jdk1.8.0_144\jre\lib\sunrsasign.jar;C:\Program Files\Java\jdk1.8.0_144\jre\lib\jsse.jar;C:\Program Files\Java\jdk1.8.0_144\jre\lib\jce.jar;C:\Program Files\Java\jdk1.8.0_144\jre\lib\charsets.jar;C:\Program Files\Java\jdk1.8.0_144\jre\lib\jfr.jar;C:\Program Files\Java\jdk1.8.0_144\jre\classes"/>
    <property name="user.script" value=""/>
    <property name="sun.management.compiler" value="HotSpot 64-Bit Tiered Compilers"/>
    <property name="java.runtime.version" value="1.8.0_144-b01"/>
    <property name="user.name" value="Lenovo"/>
    <property name="path.separator" value=";"/>
    <property name="os.version" value="10.0"/>
    <property name="java.endorsed.dirs" value="C:\Program Files\Java\jdk1.8.0_144\jre\lib\endorsed"/>
    <property name="java.runtime.name" value="Java(TM) SE Runtime Environment"/>
    <property name="file.encoding" value="GBK"/>
    <property name="java.vm.name" value="Java HotSpot(TM) 64-Bit Server VM"/>
    <property name="localRepository" value="D:\idea\apache-maven-3.8.3-bin"/>
    <property name="java.vendor.url.bug" value="http://bugreport.sun.com/bugreport/"/>
    <property name="java.io.tmpdir" value="C:\Users\Lenovo\AppData\Local\Temp\"/>
    <property name="idea.version" value="2021.3"/>
    <property name="java.version" value="1.8.0_144"/>
    <property name="user.dir" value="D:\idea\diploma project\SEC14_WitmedProjectRepo\WitmedProject\witmed-system-provider"/>
    <property name="os.arch" value="amd64"/>
    <property name="java.vm.specification.name" value="Java Virtual Machine Specification"/>
    <property name="java.awt.printerjob" value="sun.awt.windows.WPrinterJob"/>
    <property name="sun.os.patch.level" value=""/>
    <property name="java.library.path" value="C:\Program Files\Java\jdk1.8.0_144\jre\bin;C:\Windows\Sun\Java\bin;C:\Windows\system32;C:\Windows;C:\Program Files\Common Files\Oracle\Java\javapath;C:\ProgramData\Oracle\Java\javapath;C:\Windows\system32;C:\Windows;C:\Windows\System32\Wbem;C:\Windows\System32\WindowsPowerShell\v1.0\;C:\Windows\System32\OpenSSH\;C:\Program Files\Java\jdk1.8.0_144\bin;C:\Program Files\Java\jdk1.8.0_144\jre\bin;C:\apache-tomcat-9.0.54\bin;D:\Microsoft VS Code\bin;C:\Program Files\Redis\;C:\Program Files\Git\cmd;C:\Program Files\nodejs\;C:\Users\Lenovo\AppData\Local\Microsoft\WindowsApps;;D:\JetBrains\IntelliJ IDEA\bin;;C:\Program Files\Bandizip\;C:\Users\Lenovo\AppData\Roaming\npm;."/>
    <property name="java.vm.info" value="mixed mode"/>
    <property name="java.vendor" value="Oracle Corporation"/>
    <property name="java.vm.version" value="25.144-b01"/>
    <property name="java.ext.dirs" value="C:\Program Files\Java\jdk1.8.0_144\jre\lib\ext;C:\Windows\Sun\Java\lib\ext"/>
    <property name="sun.io.unicode.encoding" value="UnicodeLittle"/>
    <property name="java.class.version" value="52.0"/>
  </properties>
  <testcase name="shouldAnswerWithTrue" classname="com.whackon.witmed.AppTest" time="0.002"/>
</testsuite>